time="2022-01-15T15:42:13+03:00" level=info msg="create router" func="main.main()" file="app.go:27"
time="2022-01-15T15:42:13+03:00" level=info msg="read application configuration" func="project/internal/config.GetConfig.func1()" file="config.go:42"
time="2022-01-15T15:42:13+03:00" level=info msg="start application" func="main.main()" file="app.go:57"
time="2022-01-15T15:42:13+03:00" level=info msg="start application" func="main.start()" file="app.go:62"
time="2022-01-15T15:42:13+03:00" level=info msg="listen tcp" func="main.start()" file="app.go:84"
time="2022-01-15T15:42:13+03:00" level=info msg="server is listening port %s:%s127.0.0.18080" func="main.start()" file="app.go:104"
time="2022-01-15T15:43:00+03:00" level=info msg="Create user" func="project/internal/user.(*Handler).CreateUser()" file="handler.go:38"
time="2022-01-15T15:43:00+03:00" level=info msg="create user" func="project/internal/user.service.Create()" file="service.go:36"
time="2022-01-15T15:43:00+03:00" level=debug msg="create user" func="project/internal/user/db.(*db).Create()" file="mongodb.go:34"
time="2022-01-15T15:43:00+03:00" level=debug msg="convert InsertedID to ObjectID" func="project/internal/user/db.(*db).Create()" file="mongodb.go:41"
time="2022-01-15T15:43:55+03:00" level=info msg="Update user age" func="project/internal/user.(*Handler).UpdateUserAge()" file="handler.go:96"
time="2022-01-15T15:43:55+03:00" level=debug msg="get userID from context" func="project/internal/user.(*Handler).UpdateUserAge()" file="handler.go:100"
time="2022-01-15T15:43:55+03:00" level=trace msg="Matched 1 documents and Modified 1 documents" func="project/internal/user/db.(*db).UpdateAge()" file="mongodb.go:106"
time="2022-01-15T15:44:45+03:00" level=info msg="Make friends" func="project/internal/user.(*Handler).MakeFriends()" file="handler.go:141"
time="2022-01-15T15:44:45+03:00" level=trace msg="Modified 1 documents" func="project/internal/user/db.(*db).MakeFriends()" file="mongodb.go:192"
time="2022-01-15T15:44:45+03:00" level=trace msg="Modified 1 documents" func="project/internal/user/db.(*db).MakeFriends()" file="mongodb.go:204"
time="2022-01-15T15:45:54+03:00" level=info msg="DELETE USER" func="project/internal/user.(*Handler).DeleteUser()" file="handler.go:183"
time="2022-01-15T15:45:54+03:00" level=trace msg="Modified 1 documents" func="project/internal/user/db.(*db).Delete()" file="mongodb.go:136"
time="2022-01-15T15:45:54+03:00" level=trace msg="Deleted 1 documents" func="project/internal/user/db.(*db).Delete()" file="mongodb.go:145"
time="2022-01-15T15:46:22+03:00" level=info msg="Caught signal interrupt. Shutting down..." func="project/pkg/shutdown.Graceful()" file="shutdown.go:21"
time="2022-01-15T15:46:22+03:00" level=fatal msg="http: Server closed" func="main.start()" file="app.go:105"
